<?xml version="1.0" encoding="UTF-8"?>
<!-- Generated by org.testng.reporters.JUnitXMLReporter -->
<testsuite ignored="1" hostname="GA-HK-PoojaBhandariMacBookPro" failures="0" tests="1" name="Surefire test" time="3.24" errors="0" timestamp="13 Dec 2022 06:08:26 GMT">
  <testcase classname="materialLoginApplication.MaterialLoginSignInTest" name="signInTest" time="3.225"/>
  <testcase classname="setup.SetupAndroidTest" name="@AfterSuite uninstallApp" time="0.0">
    <ignored/>
  </testcase> <!-- @AfterSuite uninstallApp -->
</testsuite> <!-- Surefire test -->
