<?xml version="1.0" encoding="UTF-8"?>
<testng-results ignored="1" total="2" passed="1" failed="0" skipped="0">
  <reporter-output>
  </reporter-output>
  <suite started-at="2022-12-13T06:08:23Z" name="Surefire suite" finished-at="2022-12-13T06:08:26Z" duration-ms="3240">
    <groups>
      <group name="critical">
        <method signature="MaterialLoginSignInTest.signInTest(java.lang.String, java.lang.String)[pri:0, instance:materialLoginApplication.MaterialLoginSignInTest@192d43ce]" name="signInTest" class="materialLoginApplication.MaterialLoginSignInTest"/>
      </group> <!-- critical -->
      <group name="signin">
        <method signature="MaterialLoginSignInTest.signInTest(java.lang.String, java.lang.String)[pri:0, instance:materialLoginApplication.MaterialLoginSignInTest@192d43ce]" name="signInTest" class="materialLoginApplication.MaterialLoginSignInTest"/>
      </group> <!-- signin -->
    </groups>
    <test started-at="2022-12-13T06:08:23Z" name="Surefire test" finished-at="2022-12-13T06:08:26Z" duration-ms="3240">
      <class name="materialLoginApplication.MaterialLoginSignInTest">
        <test-method is-config="true" signature="setupDriver()[pri:0, instance:materialLoginApplication.MaterialLoginSignInTest@192d43ce]" started-at="2022-12-13T06:08:15Z" name="setupDriver" finished-at="2022-12-13T06:08:23Z" duration-ms="7508" status="PASS">
          <reporter-output>
          </reporter-output>
        </test-method> <!-- setupDriver -->
        <test-method signature="signInTest(java.lang.String, java.lang.String)[pri:0, instance:materialLoginApplication.MaterialLoginSignInTest@192d43ce]" started-at="2022-12-13T06:08:23Z" name="signInTest" data-provider="testDataForSignInTest" finished-at="2022-12-13T06:08:26Z" duration-ms="3225" status="PASS">
          <params>
            <param index="0">
              <value>
                <![CDATA[abcd@gmail.com]]>
              </value>
            </param>
            <param index="1">
              <value>
                <![CDATA[abcdefghi]]>
              </value>
            </param>
          </params>
          <reporter-output>
          </reporter-output>
        </test-method> <!-- signInTest -->
      </class> <!-- materialLoginApplication.MaterialLoginSignInTest -->
      <class name="setup.SetupAndroidTest">
        <test-method is-config="true" signature="uninstallApp()[pri:0, instance:setup.SetupAndroidTest@1ab3a8c8]" started-at="2022-12-13T06:08:26Z" name="uninstallApp" finished-at="2022-12-13T06:08:26Z" duration-ms="0" status="PASS">
          <reporter-output>
          </reporter-output>
        </test-method> <!-- uninstallApp -->
      </class> <!-- setup.SetupAndroidTest -->
    </test> <!-- Surefire test -->
  </suite> <!-- Surefire suite -->
</testng-results>
