<?xml version="1.0" encoding="UTF-8"?>
<testng-results ignored="0" total="2" passed="2" failed="0" skipped="0">
  <reporter-output>
  </reporter-output>
  <suite started-at="2023-01-06T20:37:52 HKT" name="Default suite" finished-at="2023-01-06T20:38:06 HKT" duration-ms="13700">
    <groups>
    </groups>
    <test started-at="2023-01-06T20:37:52 HKT" name="Default test" finished-at="2023-01-06T20:38:06 HKT" duration-ms="13700">
      <class name="materialLoginApplication.DemoClass">
        <test-method signature="setupDriver()[pri:0, instance:materialLoginApplication.DemoClass@2d52216b]" started-at="2023-01-06T20:37:52 HKT" name="setupDriver" finished-at="2023-01-06T20:38:01 HKT" duration-ms="8707" status="PASS">
          <reporter-output>
          </reporter-output>
        </test-method> <!-- setupDriver -->
        <test-method signature="signInTest()[pri:1, instance:materialLoginApplication.DemoClass@2d52216b]" started-at="2023-01-06T20:38:01 HKT" name="signInTest" finished-at="2023-01-06T20:38:06 HKT" duration-ms="4950" status="PASS">
          <reporter-output>
          </reporter-output>
        </test-method> <!-- signInTest -->
        <test-method is-config="true" signature="uninstallApp()[pri:0, instance:materialLoginApplication.DemoClass@2d52216b]" started-at="2023-01-06T20:38:07 HKT" name="uninstallApp" finished-at="2023-01-06T20:38:07 HKT" duration-ms="1" status="PASS">
          <reporter-output>
          </reporter-output>
        </test-method> <!-- uninstallApp -->
      </class> <!-- materialLoginApplication.DemoClass -->
    </test> <!-- Default test -->
  </suite> <!-- Default suite -->
</testng-results>
